<?xml version="1.0" encoding="UTF-8"?>
<testng-results ignored="0" total="1" passed="1" failed="0" skipped="0">
  <reporter-output>
  </reporter-output>
  <suite started-at="2023-10-26T13:25:04 IST" name="Default suite" finished-at="2023-10-26T13:25:09 IST" duration-ms="5134">
    <groups>
    </groups>
    <test started-at="2023-10-26T13:25:04 IST" name="Default test" finished-at="2023-10-26T13:25:09 IST" duration-ms="5134">
      <class name="SampleProject.MavenProject.browserlaunch">
        <test-method signature="browserla()[pri:0, instance:SampleProject.MavenProject.browserlaunch@659499f1]" started-at="2023-10-26T13:25:04 IST" name="browserla" finished-at="2023-10-26T13:25:09 IST" duration-ms="5070" status="PASS">
          <reporter-output>
          </reporter-output>
        </test-method> <!-- browserla -->
      </class> <!-- SampleProject.MavenProject.browserlaunch -->
    </test> <!-- Default test -->
  </suite> <!-- Default suite -->
</testng-results>
